2020-10-02 18:07:14:714 info: User got all comments from post 1
2020-10-02 18:07:17:717 info: User 1 has commented post 1
2020-10-02 18:07:17:717 info: User got all comments from post 1
2020-10-02 18:07:26:726 info: user got all posts infos
2020-10-02 18:07:27:727 info: an user got likes for post 1 - here zero
2020-10-02 18:07:27:727 info: User 1 has liked post 1
2020-10-02 18:07:27:727 info: An user got likes for post 1
2020-10-02 18:07:36:736 info: user got all posts infos
2020-10-02 18:07:44:744 info: User 1 got info about user 1
2020-10-02 18:07:45:745 info: User 1 got all user issues
2020-10-02 18:07:45:745 info: User 1 got all issues with status 'pending' - here zero
2020-10-02 18:07:47:747 info: User 1 got all reports
2020-10-02 18:07:48:748 info: User got all posts from user undefined
2020-10-02 18:07:49:749 info: All users info has been asked
2020-10-02 18:07:51:751 info: All users info has been asked
2020-10-02 18:07:54:754 info: User 1 got info about user 1
2020-10-02 18:07:54:754 info: User got all posts from user 1
2020-10-02 18:08:00:80 info: User 1 got info about user 1
2020-10-02 18:08:00:80 info: user got all posts infos
2020-10-02 18:08:00:80 info: User 1 got all waiting messages
2020-10-02 18:09:04:94 info: User 1 got info about user 1
2020-10-02 18:09:04:94 info: User got all posts from user 1
2020-10-02 18:09:06:96 info: User 1 got info about user 1
2020-10-02 18:09:06:96 info: user got all posts infos
2020-10-02 18:09:06:96 info: User 1 got all waiting messages
2020-10-02 18:09:45:945 info: User 1 got info about user 1
2020-10-02 18:09:45:945 info: User got all posts from user 1
2020-10-02 18:09:47:947 info: User 1 got info about user 1
2020-10-02 18:09:47:947 info: user got all posts infos
2020-10-02 18:09:47:947 info: User 1 got all waiting messages
2020-10-02 18:10:08:108 info: User 1 got info about user 1
2020-10-02 18:10:08:108 info: User got all posts from user 1
2020-10-02 18:10:09:109 info: User 1 got info about user 1
2020-10-02 18:10:09:109 info: user got all posts infos
2020-10-02 18:10:09:109 info: User 1 got all waiting messages
2020-10-02 18:10:14:1014 info: user got all posts infos
2020-10-02 18:10:14:1014 info: User 1 got info about user 1
2020-10-02 18:10:30:1030 info: User 1 got info about user 1
2020-10-02 18:10:30:1030 info: User got all posts from user 1
2020-10-02 18:10:32:1032 info: User 1 got info about user 1
2020-10-02 18:10:32:1032 info: user got all posts infos
2020-10-02 18:10:32:1032 info: User 1 got all waiting messages
2020-10-02 18:11:08:118 info: User 1 got info about user 1
2020-10-02 18:11:08:118 info: user got all posts infos
2020-10-02 18:11:09:119 info: User 1 got info about user 1
2020-10-02 18:11:09:119 info: user got all posts infos
2020-10-02 18:11:10:1110 info: User 1 got all waiting messages
2020-10-02 18:12:50:1250 info: User 1 got info about user 1
2020-10-02 18:12:50:1250 info: user got all posts infos
2020-10-02 18:12:50:1250 info: User 1 got all waiting messages
2020-10-02 18:13:07:137 info: User 1 got info about user 1
2020-10-02 18:13:07:137 info: user got all posts infos
2020-10-02 18:13:07:137 info: User 1 got all waiting messages
2020-10-02 18:13:20:1320 info: User 1 got info about user 1
2020-10-02 18:13:20:1320 info: user got all posts infos
2020-10-02 18:13:20:1320 info: User 1 got all waiting messages
2020-10-02 18:16:33:1633 info: User 1 got info about user 1
2020-10-02 18:16:33:1633 info: user got all posts infos
2020-10-02 18:16:33:1633 info: User 1 got all waiting messages
2020-10-02 18:17:43:1743 info: User 1 got info about user 1
2020-10-02 18:17:43:1743 info: user got all posts infos
2020-10-02 18:17:43:1743 info: User 1 got all waiting messages
2020-10-02 18:19:12:1912 info: User 1 got info about user 1
2020-10-02 18:19:12:1912 info: user got all posts infos
2020-10-02 18:19:13:1913 info: User 1 got all waiting messages
2020-10-02 18:19:53:1953 info: User 1 got info about user 1
2020-10-02 18:19:53:1953 info: user got all posts infos
2020-10-02 18:19:53:1953 info: User 1 got all waiting messages
2020-10-02 18:20:07:207 info: User 1 got info about user 1
2020-10-02 18:20:07:207 info: user got all posts infos
2020-10-02 18:20:07:207 info: User 1 got all waiting messages
2020-10-02 18:20:21:2021 info: User 1 got info about user 1
2020-10-02 18:20:21:2021 info: user got all posts infos
2020-10-02 18:20:22:2022 info: User 1 got all waiting messages
2020-10-02 18:20:34:2034 info: User 1 got info about user 1
2020-10-02 18:20:34:2034 info: user got all posts infos
2020-10-02 18:20:34:2034 info: User 1 got all waiting messages
2020-10-02 18:20:47:2047 info: User 1 got info about user 1
2020-10-02 18:20:47:2047 info: user got all posts infos
2020-10-02 18:20:47:2047 info: User 1 got all waiting messages
2020-10-02 18:21:00:210 info: User 1 got info about user 1
2020-10-02 18:21:00:210 info: user got all posts infos
2020-10-02 18:21:00:210 info: User 1 got all waiting messages
2020-10-02 18:21:09:219 info: User 1 got info about user 1
2020-10-02 18:21:09:219 info: user got all posts infos
2020-10-02 18:21:09:219 info: User 1 got all waiting messages
2020-10-02 18:22:20:2220 info: User 1 got info about user 1
2020-10-02 18:22:20:2220 info: user got all posts infos
2020-10-02 18:22:20:2220 info: User 1 got all waiting messages
2020-10-02 18:22:24:2224 info: User 1 got info about user 1
2020-10-02 18:22:24:2224 info: user got all posts infos
2020-10-02 18:22:25:2225 info: User 1 got all waiting messages
2020-10-02 18:23:25:2325 info: User 1 got info about user 1
2020-10-02 18:23:25:2325 info: user got all posts infos
2020-10-02 18:23:25:2325 info: User 1 got all waiting messages
2020-10-02 18:23:29:2329 info: User 1 got info about user 1
2020-10-02 18:23:29:2329 info: user got all posts infos
2020-10-02 18:23:29:2329 info: User 1 got all waiting messages
2020-10-02 18:23:53:2353 info: New user has been created
2020-10-02 18:23:53:2353 info: Registered user connected
2020-10-02 18:23:53:2353 info: User 3 got info about user 3
2020-10-02 18:23:53:2353 info: User 3 got info about user 3
2020-10-02 18:23:53:2353 info: user got all posts infos
2020-10-02 18:24:04:244 info: User 3 got info about user 3
2020-10-02 18:24:04:244 info: user got all posts infos
2020-10-02 18:24:10:2410 info: User 3 got info about user 3
2020-10-02 18:24:10:2410 info: user got all posts infos
2020-10-02 18:24:19:2419 info: User 3 got info about user 3
2020-10-02 18:24:19:2419 info: user got all posts infos
2020-10-02 18:25:17:2517 info: User 3 got info about user 3
2020-10-02 18:25:17:2517 info: user got all posts infos
2020-10-02 18:26:49:2649 info: User 3 got info about user 3
2020-10-02 18:26:49:2649 info: user got all posts infos
2020-10-02 18:27:34:2734 info: User 3 got info about user 3
2020-10-02 18:27:34:2734 info: User got all posts from user 3
2020-10-02 18:27:36:2736 info: User 3 got info about user 3
2020-10-02 18:27:36:2736 info: user got all posts infos
